============================= test session starts ==============================
platform linux -- Python 3.12.3, pytest-8.2.1, pluggy-1.6.0 -- /home/surjit/Desktop/et hackathon/v1/Cyber-Fraud-Detection-Service-develop/backend/case/.venv/bin/python3
cachedir: .pytest_cache
rootdir: /home/surjit/Desktop/et hackathon/v1/Cyber-Fraud-Detection-Service-develop/backend/case
configfile: pytest.ini
plugins: asyncio-0.23.7, anyio-4.14.2, mock-3.14.0
asyncio: mode=Mode.AUTO
collecting ... collected 5 items / 4 deselected / 1 selected

tests/test_case_endpoints.py::TestCreateCase::test_create_case_invalid_complaint_type FAILED [100%]

=================================== FAILURES ===================================
____________ TestCreateCase.test_create_case_invalid_complaint_type ____________
  + Exception Group Traceback (most recent call last):
  |   File "/home/surjit/Desktop/et hackathon/v1/Cyber-Fraud-Detection-Service-develop/backend/case/.venv/lib/python3.12/site-packages/starlette/_utils.py", line 87, in collapse_excgroups
  |     yield
  |   File "/home/surjit/Desktop/et hackathon/v1/Cyber-Fraud-Detection-Service-develop/backend/case/.venv/lib/python3.12/site-packages/starlette/middleware/base.py", line 190, in __call__
  |     async with anyio.create_task_group() as task_group:
  |   File "/home/surjit/Desktop/et hackathon/v1/Cyber-Fraud-Detection-Service-develop/backend/case/.venv/lib/python3.12/site-packages/anyio/_backends/_asyncio.py", line 815, in __aexit__
  |     raise BaseExceptionGroup(
  | ExceptionGroup: unhandled errors in a TaskGroup (1 sub-exception)
  +-+---------------- 1 ----------------
    | Traceback (most recent call last):
    |   File "/home/surjit/Desktop/et hackathon/v1/Cyber-Fraud-Detection-Service-develop/backend/case/.venv/lib/python3.12/site-packages/_pytest/runner.py", line 341, in from_call
    |     result: Optional[TResult] = func()
    |                                 ^^^^^^
    |   File "/home/surjit/Desktop/et hackathon/v1/Cyber-Fraud-Detection-Service-develop/backend/case/.venv/lib/python3.12/site-packages/_pytest/runner.py", line 241, in <lambda>
    |     lambda: runtest_hook(item=item, **kwds), when=when, reraise=reraise
    |             ^^^^^^^^^^^^^^^^^^^^^^^^^^^^^^^
    |   File "/home/surjit/Desktop/et hackathon/v1/Cyber-Fraud-Detection-Service-develop/backend/case/.venv/lib/python3.12/site-packages/pluggy/_hooks.py", line 512, in __call__
    |     return self._hookexec(self.name, self._hookimpls.copy(), kwargs, firstresult)
    |            ^^^^^^^^^^^^^^^^^^^^^^^^^^^^^^^^^^^^^^^^^^^^^^^^^^^^^^^^^^^^^^^^^^^^^^
    |   File "/home/surjit/Desktop/et hackathon/v1/Cyber-Fraud-Detection-Service-develop/backend/case/.venv/lib/python3.12/site-packages/pluggy/_manager.py", line 120, in _hookexec
    |     return self._inner_hookexec(hook_name, methods, kwargs, firstresult)
    |            ^^^^^^^^^^^^^^^^^^^^^^^^^^^^^^^^^^^^^^^^^^^^^^^^^^^^^^^^^^^^^
    |   File "/home/surjit/Desktop/et hackathon/v1/Cyber-Fraud-Detection-Service-develop/backend/case/.venv/lib/python3.12/site-packages/pluggy/_callers.py", line 167, in _multicall
    |     raise exception
    |   File "/home/surjit/Desktop/et hackathon/v1/Cyber-Fraud-Detection-Service-develop/backend/case/.venv/lib/python3.12/site-packages/pluggy/_callers.py", line 139, in _multicall
    |     teardown.throw(exception)
    |   File "/home/surjit/Desktop/et hackathon/v1/Cyber-Fraud-Detection-Service-develop/backend/case/.venv/lib/python3.12/site-packages/_pytest/threadexception.py", line 87, in pytest_runtest_call
    |     yield from thread_exception_runtest_hook()
    |   File "/home/surjit/Desktop/et hackathon/v1/Cyber-Fraud-Detection-Service-develop/backend/case/.venv/lib/python3.12/site-packages/_pytest/threadexception.py", line 63, in thread_exception_runtest_hook
    |     yield
    |   File "/home/surjit/Desktop/et hackathon/v1/Cyber-Fraud-Detection-Service-develop/backend/case/.venv/lib/python3.12/site-packages/pluggy/_callers.py", line 139, in _multicall
    |     teardown.throw(exception)
    |   File "/home/surjit/Desktop/et hackathon/v1/Cyber-Fraud-Detection-Service-develop/backend/case/.venv/lib/python3.12/site-packages/_pytest/unraisableexception.py", line 90, in pytest_runtest_call
    |     yield from unraisable_exception_runtest_hook()
    |   File "/home/surjit/Desktop/et hackathon/v1/Cyber-Fraud-Detection-Service-develop/backend/case/.venv/lib/python3.12/site-packages/_pytest/unraisableexception.py", line 65, in unraisable_exception_runtest_hook
    |     yield
    |   File "/home/surjit/Desktop/et hackathon/v1/Cyber-Fraud-Detection-Service-develop/backend/case/.venv/lib/python3.12/site-packages/pluggy/_callers.py", line 139, in _multicall
    |     teardown.throw(exception)
    |   File "/home/surjit/Desktop/et hackathon/v1/Cyber-Fraud-Detection-Service-develop/backend/case/.venv/lib/python3.12/site-packages/_pytest/logging.py", line 850, in pytest_runtest_call
    |     yield from self._runtest_for(item, "call")
    |   File "/home/surjit/Desktop/et hackathon/v1/Cyber-Fraud-Detection-Service-develop/backend/case/.venv/lib/python3.12/site-packages/_pytest/logging.py", line 833, in _runtest_for
    |     yield
    |   File "/home/surjit/Desktop/et hackathon/v1/Cyber-Fraud-Detection-Service-develop/backend/case/.venv/lib/python3.12/site-packages/pluggy/_callers.py", line 139, in _multicall
    |     teardown.throw(exception)
    |   File "/home/surjit/Desktop/et hackathon/v1/Cyber-Fraud-Detection-Service-develop/backend/case/.venv/lib/python3.12/site-packages/_pytest/capture.py", line 878, in pytest_runtest_call
    |     return (yield)
    |             ^^^^^
    |   File "/home/surjit/Desktop/et hackathon/v1/Cyber-Fraud-Detection-Service-develop/backend/case/.venv/lib/python3.12/site-packages/pluggy/_callers.py", line 139, in _multicall
    |     teardown.throw(exception)
    |   File "/home/surjit/Desktop/et hackathon/v1/Cyber-Fraud-Detection-Service-develop/backend/case/.venv/lib/python3.12/site-packages/_pytest/skipping.py", line 257, in pytest_runtest_call
    |     return (yield)
    |             ^^^^^
    |   File "/home/surjit/Desktop/et hackathon/v1/Cyber-Fraud-Detection-Service-develop/backend/case/.venv/lib/python3.12/site-packages/pluggy/_callers.py", line 121, in _multicall
    |     res = hook_impl.function(*args)
    |           ^^^^^^^^^^^^^^^^^^^^^^^^^
    |   File "/home/surjit/Desktop/et hackathon/v1/Cyber-Fraud-Detection-Service-develop/backend/case/.venv/lib/python3.12/site-packages/_pytest/runner.py", line 183, in pytest_runtest_call
    |     raise e
    |   File "/home/surjit/Desktop/et hackathon/v1/Cyber-Fraud-Detection-Service-develop/backend/case/.venv/lib/python3.12/site-packages/_pytest/runner.py", line 173, in pytest_runtest_call
    |     item.runtest()
    |   File "/home/surjit/Desktop/et hackathon/v1/Cyber-Fraud-Detection-Service-develop/backend/case/.venv/lib/python3.12/site-packages/pytest_asyncio/plugin.py", line 436, in runtest
    |     super().runtest()
    |   File "/home/surjit/Desktop/et hackathon/v1/Cyber-Fraud-Detection-Service-develop/backend/case/.venv/lib/python3.12/site-packages/_pytest/python.py", line 1632, in runtest
    |     self.ihook.pytest_pyfunc_call(pyfuncitem=self)
    |   File "/home/surjit/Desktop/et hackathon/v1/Cyber-Fraud-Detection-Service-develop/backend/case/.venv/lib/python3.12/site-packages/pluggy/_hooks.py", line 512, in __call__
    |     return self._hookexec(self.name, self._hookimpls.copy(), kwargs, firstresult)
    |            ^^^^^^^^^^^^^^^^^^^^^^^^^^^^^^^^^^^^^^^^^^^^^^^^^^^^^^^^^^^^^^^^^^^^^^
    |   File "/home/surjit/Desktop/et hackathon/v1/Cyber-Fraud-Detection-Service-develop/backend/case/.venv/lib/python3.12/site-packages/pluggy/_manager.py", line 120, in _hookexec
    |     return self._inner_hookexec(hook_name, methods, kwargs, firstresult)
    |            ^^^^^^^^^^^^^^^^^^^^^^^^^^^^^^^^^^^^^^^^^^^^^^^^^^^^^^^^^^^^^
    |   File "/home/surjit/Desktop/et hackathon/v1/Cyber-Fraud-Detection-Service-develop/backend/case/.venv/lib/python3.12/site-packages/pluggy/_callers.py", line 167, in _multicall
    |     raise exception
    |   File "/home/surjit/Desktop/et hackathon/v1/Cyber-Fraud-Detection-Service-develop/backend/case/.venv/lib/python3.12/site-packages/pluggy/_callers.py", line 139, in _multicall
    |     teardown.throw(exception)
    |   File "/home/surjit/Desktop/et hackathon/v1/Cyber-Fraud-Detection-Service-develop/backend/case/.venv/lib/python3.12/site-packages/pluggy/_callers.py", line 53, in run_old_style_hookwrapper
    |     return result.get_result()
    |            ^^^^^^^^^^^^^^^^^^^
    |   File "/home/surjit/Desktop/et hackathon/v1/Cyber-Fraud-Detection-Service-develop/backend/case/.venv/lib/python3.12/site-packages/pluggy/_result.py", line 103, in get_result
    |     raise exc.with_traceback(tb)
    |   File "/home/surjit/Desktop/et hackathon/v1/Cyber-Fraud-Detection-Service-develop/backend/case/.venv/lib/python3.12/site-packages/pluggy/_callers.py", line 38, in run_old_style_hookwrapper
    |     res = yield
    |           ^^^^^
    |   File "/home/surjit/Desktop/et hackathon/v1/Cyber-Fraud-Detection-Service-develop/backend/case/.venv/lib/python3.12/site-packages/pluggy/_callers.py", line 121, in _multicall
    |     res = hook_impl.function(*args)
    |           ^^^^^^^^^^^^^^^^^^^^^^^^^
    |   File "/home/surjit/Desktop/et hackathon/v1/Cyber-Fraud-Detection-Service-develop/backend/case/.venv/lib/python3.12/site-packages/_pytest/python.py", line 162, in pytest_pyfunc_call
    |     result = testfunction(**testargs)
    |              ^^^^^^^^^^^^^^^^^^^^^^^^
    |   File "/home/surjit/Desktop/et hackathon/v1/Cyber-Fraud-Detection-Service-develop/backend/case/.venv/lib/python3.12/site-packages/pytest_asyncio/plugin.py", line 902, in inner
    |     _loop.run_until_complete(task)
    |   File "/usr/lib/python3.12/asyncio/base_events.py", line 687, in run_until_complete
    |     return future.result()
    |            ^^^^^^^^^^^^^^^
    |   File "/home/surjit/Desktop/et hackathon/v1/Cyber-Fraud-Detection-Service-develop/backend/case/tests/test_case_endpoints.py", line 51, in test_create_case_invalid_complaint_type
    |     response = await async_client.post(
    |                ^^^^^^^^^^^^^^^^^^^^^^^^
    |   File "/home/surjit/Desktop/et hackathon/v1/Cyber-Fraud-Detection-Service-develop/backend/case/.venv/lib/python3.12/site-packages/httpx/_client.py", line 1892, in post
    |     return await self.request(
    |            ^^^^^^^^^^^^^^^^^^^
    |   File "/home/surjit/Desktop/et hackathon/v1/Cyber-Fraud-Detection-Service-develop/backend/case/.venv/lib/python3.12/site-packages/httpx/_client.py", line 1574, in request
    |     return await self.send(request, auth=auth, follow_redirects=follow_redirects)
    |            ^^^^^^^^^^^^^^^^^^^^^^^^^^^^^^^^^^^^^^^^^^^^^^^^^^^^^^^^^^^^^^^^^^^^^^
    |   File "/home/surjit/Desktop/et hackathon/v1/Cyber-Fraud-Detection-Service-develop/backend/case/.venv/lib/python3.12/site-packages/httpx/_client.py", line 1661, in send
    |     response = await self._send_handling_auth(
    |                ^^^^^^^^^^^^^^^^^^^^^^^^^^^^^^^
    |   File "/home/surjit/Desktop/et hackathon/v1/Cyber-Fraud-Detection-Service-develop/backend/case/.venv/lib/python3.12/site-packages/httpx/_client.py", line 1689, in _send_handling_auth
    |     response = await self._send_handling_redirects(
    |                ^^^^^^^^^^^^^^^^^^^^^^^^^^^^^^^^^^^^
    |   File "/home/surjit/Desktop/et hackathon/v1/Cyber-Fraud-Detection-Service-develop/backend/case/.venv/lib/python3.12/site-packages/httpx/_client.py", line 1726, in _send_handling_redirects
    |     response = await self._send_single_request(request)
    |                ^^^^^^^^^^^^^^^^^^^^^^^^^^^^^^^^^^^^^^^^
    |   File "/home/surjit/Desktop/et hackathon/v1/Cyber-Fraud-Detection-Service-develop/backend/case/.venv/lib/python3.12/site-packages/httpx/_client.py", line 1763, in _send_single_request
    |     response = await transport.handle_async_request(request)
    |                ^^^^^^^^^^^^^^^^^^^^^^^^^^^^^^^^^^^^^^^^^^^^^
    |   File "/home/surjit/Desktop/et hackathon/v1/Cyber-Fraud-Detection-Service-develop/backend/case/.venv/lib/python3.12/site-packages/httpx/_transports/asgi.py", line 164, in handle_async_request
    |     await self.app(scope, receive, send)
    |   File "/home/surjit/Desktop/et hackathon/v1/Cyber-Fraud-Detection-Service-develop/backend/case/.venv/lib/python3.12/site-packages/fastapi/applications.py", line 1054, in __call__
    |     await super().__call__(scope, receive, send)
    |   File "/home/surjit/Desktop/et hackathon/v1/Cyber-Fraud-Detection-Service-develop/backend/case/.venv/lib/python3.12/site-packages/starlette/applications.py", line 123, in __call__
    |     await self.middleware_stack(scope, receive, send)
    |   File "/home/surjit/Desktop/et hackathon/v1/Cyber-Fraud-Detection-Service-develop/backend/case/.venv/lib/python3.12/site-packages/starlette/middleware/errors.py", line 186, in __call__
    |     raise exc
    |   File "/home/surjit/Desktop/et hackathon/v1/Cyber-Fraud-Detection-Service-develop/backend/case/.venv/lib/python3.12/site-packages/starlette/middleware/errors.py", line 164, in __call__
    |     await self.app(scope, receive, _send)
    |   File "/home/surjit/Desktop/et hackathon/v1/Cyber-Fraud-Detection-Service-develop/backend/case/.venv/lib/python3.12/site-packages/starlette/middleware/base.py", line 189, in __call__
    |     with collapse_excgroups():
    |   File "/usr/lib/python3.12/contextlib.py", line 158, in __exit__
    |     self.gen.throw(value)
    |   File "/home/surjit/Desktop/et hackathon/v1/Cyber-Fraud-Detection-Service-develop/backend/case/.venv/lib/python3.12/site-packages/starlette/_utils.py", line 93, in collapse_excgroups
    |     raise exc
    |   File "/home/surjit/Desktop/et hackathon/v1/Cyber-Fraud-Detection-Service-develop/backend/case/.venv/lib/python3.12/site-packages/starlette/middleware/base.py", line 191, in __call__
    |     response = await self.dispatch_func(request, call_next)
    |                ^^^^^^^^^^^^^^^^^^^^^^^^^^^^^^^^^^^^^^^^^^^^
    |   File "/home/surjit/Desktop/et hackathon/v1/Cyber-Fraud-Detection-Service-develop/backend/case/main.py", line 130, in correlation_middleware
    |     response: Response = await call_next(request)
    |                          ^^^^^^^^^^^^^^^^^^^^^^^^
    |   File "/home/surjit/Desktop/et hackathon/v1/Cyber-Fraud-Detection-Service-develop/backend/case/.venv/lib/python3.12/site-packages/starlette/middleware/base.py", line 165, in call_next
    |     raise app_exc
    |   File "/home/surjit/Desktop/et hackathon/v1/Cyber-Fraud-Detection-Service-develop/backend/case/.venv/lib/python3.12/site-packages/starlette/middleware/base.py", line 151, in coro
    |     await self.app(scope, receive_or_disconnect, send_no_error)
    |   File "/home/surjit/Desktop/et hackathon/v1/Cyber-Fraud-Detection-Service-develop/backend/case/.venv/lib/python3.12/site-packages/prometheus_fastapi_instrumentator/middleware.py", line 174, in __call__
    |     raise exc
    |   File "/home/surjit/Desktop/et hackathon/v1/Cyber-Fraud-Detection-Service-develop/backend/case/.venv/lib/python3.12/site-packages/prometheus_fastapi_instrumentator/middleware.py", line 172, in __call__
    |     await self.app(scope, receive, send_wrapper)
    |   File "/home/surjit/Desktop/et hackathon/v1/Cyber-Fraud-Detection-Service-develop/backend/case/.venv/lib/python3.12/site-packages/opentelemetry/instrumentation/asgi/__init__.py", line 631, in __call__
    |     await self.app(scope, otel_receive, otel_send)
    |   File "/home/surjit/Desktop/et hackathon/v1/Cyber-Fraud-Detection-Service-develop/backend/case/.venv/lib/python3.12/site-packages/starlette/middleware/exceptions.py", line 65, in __call__
    |     await wrap_app_handling_exceptions(self.app, conn)(scope, receive, send)
    |   File "/home/surjit/Desktop/et hackathon/v1/Cyber-Fraud-Detection-Service-develop/backend/case/.venv/lib/python3.12/site-packages/starlette/_exception_handler.py", line 64, in wrapped_app
    |     raise exc
    |   File "/home/surjit/Desktop/et hackathon/v1/Cyber-Fraud-Detection-Service-develop/backend/case/.venv/lib/python3.12/site-packages/starlette/_exception_handler.py", line 53, in wrapped_app
    |     await app(scope, receive, sender)
    |   File "/home/surjit/Desktop/et hackathon/v1/Cyber-Fraud-Detection-Service-develop/backend/case/.venv/lib/python3.12/site-packages/starlette/routing.py", line 756, in __call__
    |     await self.middleware_stack(scope, receive, send)
    |   File "/home/surjit/Desktop/et hackathon/v1/Cyber-Fraud-Detection-Service-develop/backend/case/.venv/lib/python3.12/site-packages/starlette/routing.py", line 776, in app
    |     await route.handle(scope, receive, send)
    |   File "/home/surjit/Desktop/et hackathon/v1/Cyber-Fraud-Detection-Service-develop/backend/case/.venv/lib/python3.12/site-packages/starlette/routing.py", line 297, in handle
    |     await self.app(scope, receive, send)
    |   File "/home/surjit/Desktop/et hackathon/v1/Cyber-Fraud-Detection-Service-develop/backend/case/.venv/lib/python3.12/site-packages/starlette/routing.py", line 77, in app
    |     await wrap_app_handling_exceptions(app, request)(scope, receive, send)
    |   File "/home/surjit/Desktop/et hackathon/v1/Cyber-Fraud-Detection-Service-develop/backend/case/.venv/lib/python3.12/site-packages/starlette/_exception_handler.py", line 64, in wrapped_app
    |     raise exc
    |   File "/home/surjit/Desktop/et hackathon/v1/Cyber-Fraud-Detection-Service-develop/backend/case/.venv/lib/python3.12/site-packages/starlette/_exception_handler.py", line 53, in wrapped_app
    |     await app(scope, receive, sender)
    |   File "/home/surjit/Desktop/et hackathon/v1/Cyber-Fraud-Detection-Service-develop/backend/case/.venv/lib/python3.12/site-packages/starlette/routing.py", line 72, in app
    |     response = await func(request)
    |                ^^^^^^^^^^^^^^^^^^^
    |   File "/home/surjit/Desktop/et hackathon/v1/Cyber-Fraud-Detection-Service-develop/backend/case/.venv/lib/python3.12/site-packages/fastapi/routing.py", line 269, in app
    |     solved_result = await solve_dependencies(
    |                     ^^^^^^^^^^^^^^^^^^^^^^^^^
    |   File "/home/surjit/Desktop/et hackathon/v1/Cyber-Fraud-Detection-Service-develop/backend/case/.venv/lib/python3.12/site-packages/fastapi/dependencies/utils.py", line 596, in solve_dependencies
    |     solved = await solve_generator(
    |              ^^^^^^^^^^^^^^^^^^^^^^
    |   File "/home/surjit/Desktop/et hackathon/v1/Cyber-Fraud-Detection-Service-develop/backend/case/.venv/lib/python3.12/site-packages/fastapi/dependencies/utils.py", line 521, in solve_generator
    |     return await stack.enter_async_context(cm)
    |            ^^^^^^^^^^^^^^^^^^^^^^^^^^^^^^^^^^^
    |   File "/usr/lib/python3.12/contextlib.py", line 659, in enter_async_context
    |     result = await _enter(cm)
    |              ^^^^^^^^^^^^^^^^
    |   File "/usr/lib/python3.12/contextlib.py", line 210, in __aenter__
    |     return await anext(self.gen)
    |            ^^^^^^^^^^^^^^^^^^^^^
    |   File "/home/surjit/Desktop/et hackathon/v1/Cyber-Fraud-Detection-Service-develop/backend/case/db.py", line 37, in get_db
    |     session_factory = request.app.state.db_session_factory
    |                       ^^^^^^^^^^^^^^^^^^^^^^^^^^^^^^^^^^^^
    |   File "/home/surjit/Desktop/et hackathon/v1/Cyber-Fraud-Detection-Service-develop/backend/case/.venv/lib/python3.12/site-packages/starlette/datastructures.py", line 702, in __getattr__
    |     raise AttributeError(message.format(self.__class__.__name__, key))
    | AttributeError: 'State' object has no attribute 'db_session_factory'
    +------------------------------------

During handling of the above exception, another exception occurred:

self = <tests.test_case_endpoints.TestCreateCase object at 0x7876a42547d0>
async_client = <httpx.AsyncClient object at 0x7876a42b8590>
valid_jwt_headers = {'Authorization': 'Bearer fake-token', 'X-Correlation-ID': '3fd22e2f-02c4-4565-9c54-992066c1e24b'}

    @pytest.mark.asyncio
    async def test_create_case_invalid_complaint_type(self, async_client, valid_jwt_headers):
        """POST /cases with invalid complaintType returns 422."""
        from main import app
        from security.jwt import get_current_user
        from models.schemas import CurrentUser
    
        async def mock_user():
            return CurrentUser(user_id=uuid.uuid4(), email="a@a.com", role="CITIZEN", jurisdiction_id="JUR_MH", jti="test")
    
        app.dependency_overrides[get_current_user] = mock_user
        try:
>           response = await async_client.post(
                "/api/v1/cases",
                json={
                    "title": "Test",
                    "description": "Test",
                    "complaint_type": "INVALID_TYPE",
                    "language_code": "en",
                },
                headers={**valid_jwt_headers, "Idempotency-Key": str(uuid.uuid4())},
            )

tests/test_case_endpoints.py:51: 
_ _ _ _ _ _ _ _ _ _ _ _ _ _ _ _ _ _ _ _ _ _ _ _ _ _ _ _ _ _ _ _ _ _ _ _ _ _ _ _ 
.venv/lib/python3.12/site-packages/httpx/_client.py:1892: in post
    return await self.request(
.venv/lib/python3.12/site-packages/httpx/_client.py:1574: in request
    return await self.send(request, auth=auth, follow_redirects=follow_redirects)
.venv/lib/python3.12/site-packages/httpx/_client.py:1661: in send
    response = await self._send_handling_auth(
.venv/lib/python3.12/site-packages/httpx/_client.py:1689: in _send_handling_auth
    response = await self._send_handling_redirects(
.venv/lib/python3.12/site-packages/httpx/_client.py:1726: in _send_handling_redirects
    response = await self._send_single_request(request)
.venv/lib/python3.12/site-packages/httpx/_client.py:1763: in _send_single_request
    response = await transport.handle_async_request(request)
.venv/lib/python3.12/site-packages/httpx/_transports/asgi.py:164: in handle_async_request
    await self.app(scope, receive, send)
.venv/lib/python3.12/site-packages/fastapi/applications.py:1054: in __call__
    await super().__call__(scope, receive, send)
.venv/lib/python3.12/site-packages/starlette/applications.py:123: in __call__
    await self.middleware_stack(scope, receive, send)
.venv/lib/python3.12/site-packages/starlette/middleware/errors.py:186: in __call__
    raise exc
.venv/lib/python3.12/site-packages/starlette/middleware/errors.py:164: in __call__
    await self.app(scope, receive, _send)
.venv/lib/python3.12/site-packages/starlette/middleware/base.py:189: in __call__
    with collapse_excgroups():
/usr/lib/python3.12/contextlib.py:158: in __exit__
    self.gen.throw(value)
.venv/lib/python3.12/site-packages/starlette/_utils.py:93: in collapse_excgroups
    raise exc
.venv/lib/python3.12/site-packages/starlette/middleware/base.py:191: in __call__
    response = await self.dispatch_func(request, call_next)
main.py:130: in correlation_middleware
    response: Response = await call_next(request)
.venv/lib/python3.12/site-packages/starlette/middleware/base.py:165: in call_next
    raise app_exc
.venv/lib/python3.12/site-packages/starlette/middleware/base.py:151: in coro
    await self.app(scope, receive_or_disconnect, send_no_error)
.venv/lib/python3.12/site-packages/prometheus_fastapi_instrumentator/middleware.py:174: in __call__
    raise exc
.venv/lib/python3.12/site-packages/prometheus_fastapi_instrumentator/middleware.py:172: in __call__
    await self.app(scope, receive, send_wrapper)
.venv/lib/python3.12/site-packages/opentelemetry/instrumentation/asgi/__init__.py:631: in __call__
    await self.app(scope, otel_receive, otel_send)
.venv/lib/python3.12/site-packages/starlette/middleware/exceptions.py:65: in __call__
    await wrap_app_handling_exceptions(self.app, conn)(scope, receive, send)
.venv/lib/python3.12/site-packages/starlette/_exception_handler.py:64: in wrapped_app
    raise exc
.venv/lib/python3.12/site-packages/starlette/_exception_handler.py:53: in wrapped_app
    await app(scope, receive, sender)
.venv/lib/python3.12/site-packages/starlette/routing.py:756: in __call__
    await self.middleware_stack(scope, receive, send)
.venv/lib/python3.12/site-packages/starlette/routing.py:776: in app
    await route.handle(scope, receive, send)
.venv/lib/python3.12/site-packages/starlette/routing.py:297: in handle
    await self.app(scope, receive, send)
.venv/lib/python3.12/site-packages/starlette/routing.py:77: in app
    await wrap_app_handling_exceptions(app, request)(scope, receive, send)
.venv/lib/python3.12/site-packages/starlette/_exception_handler.py:64: in wrapped_app
    raise exc
.venv/lib/python3.12/site-packages/starlette/_exception_handler.py:53: in wrapped_app
    await app(scope, receive, sender)
.venv/lib/python3.12/site-packages/starlette/routing.py:72: in app
    response = await func(request)
.venv/lib/python3.12/site-packages/fastapi/routing.py:269: in app
    solved_result = await solve_dependencies(
.venv/lib/python3.12/site-packages/fastapi/dependencies/utils.py:596: in solve_dependencies
    solved = await solve_generator(
.venv/lib/python3.12/site-packages/fastapi/dependencies/utils.py:521: in solve_generator
    return await stack.enter_async_context(cm)
/usr/lib/python3.12/contextlib.py:659: in enter_async_context
    result = await _enter(cm)
/usr/lib/python3.12/contextlib.py:210: in __aenter__
    return await anext(self.gen)
db.py:37: in get_db
    session_factory = request.app.state.db_session_factory
_ _ _ _ _ _ _ _ _ _ _ _ _ _ _ _ _ _ _ _ _ _ _ _ _ _ _ _ _ _ _ _ _ _ _ _ _ _ _ _ 

self = <starlette.datastructures.State object at 0x7876bfa3ddc0>
key = 'db_session_factory'

    def __getattr__(self, key: typing.Any) -> typing.Any:
        try:
            return self._state[key]
        except KeyError:
            message = "'{}' object has no attribute '{}'"
>           raise AttributeError(message.format(self.__class__.__name__, key))
E           AttributeError: 'State' object has no attribute 'db_session_factory'

.venv/lib/python3.12/site-packages/starlette/datastructures.py:702: AttributeError
----------------------------- Captured stdout call -----------------------------
{"text": "2026-07-14 00:01:27.450 | ERROR | case-service | — | Unhandled exception: 'State' object has no attribute 'db_session_factory'\n  + Exception Group Traceback (most recent call last):\n  |\n  |   File \"/home/surjit/Desktop/et hackathon/v1/Cyber-Fraud-Detection-Service-develop/backend/case/.venv/lib/python3.12/site-packages/starlette/_utils.py\", line 87, in collapse_excgroups\n  |     yield\n  |   File \"/home/surjit/Desktop/et hackathon/v1/Cyber-Fraud-Detection-Service-develop/backend/case/.venv/lib/python3.12/site-packages/starlette/middleware/base.py\", line 190, in __call__\n  |     async with anyio.create_task_group() as task_group:\n  |                │     │                      └ <anyio._backends._asyncio.TaskGroup object at 0x7876a42b9280>\n  |                │     └ <function create_task_group at 0x7876c28c7100>\n  |                └ <module 'anyio' from '/home/surjit/Desktop/et hackathon/v1/Cyber-Fraud-Detection-Service-develop/backend/case/.venv/lib/pytho...\n  |   File \"/home/surjit/Desktop/et hackathon/v1/Cyber-Fraud-Detection-Service-develop/backend/case/.venv/lib/python3.12/site-packages/anyio/_backends/_asyncio.py\", line 815, in __aexit__\n  |     raise BaseExceptionGroup(\n  |\n  | ExceptionGroup: unhandled errors in a TaskGroup (1 sub-exception)\n  +-+---------------- 1 ----------------\n    | Traceback (most recent call last):\n    |\n    |   File \"/home/surjit/Desktop/et hackathon/v1/Cyber-Fraud-Detection-Service-develop/backend/case/.venv/lib/python3.12/site-packages/starlette/middleware/errors.py\", line 164, in __call__\n    |     await self.app(scope, receive, _send)\n    |           │    │   │      │        └ <function ServerErrorMiddleware.__call__.<locals>._send at 0x7876a4287240>\n    |           │    │   │      └ <function ASGITransport.handle_async_request.<locals>.receive at 0x7876a4287380>\n    |           │    │   └ {'type': 'http', 'asgi': {'version': '3.0'}, 'http_version': '1.1', 'method': 'POST', 'headers': [(b'host', b'test'), (b'acce...\n    |           │    └ <starlette.middleware.base.BaseHTTPMiddleware object at 0x7876a42b8ce0>\n    |           └ <starlette.middleware.errors.ServerErrorMiddleware object at 0x7876a42b9130>\n    |   File \"/home/surjit/Desktop/et hackathon/v1/Cyber-Fraud-Detection-Service-develop/backend/case/.venv/lib/python3.12/site-packages/starlette/middleware/base.py\", line 189, in __call__\n    |     with collapse_excgroups():\n    |          └ <function collapse_excgroups at 0x7876c184e480>\n    |   File \"/usr/lib/python3.12/contextlib.py\", line 158, in __exit__\n    |     self.gen.throw(value)\n    |     │    │   │     └ ExceptionGroup('unhandled errors in a TaskGroup', [AttributeError(\"'State' object has no attribute 'db_session_factory'\")])\n    |     │    │   └ <method 'throw' of 'generator' objects>\n    |     │    └ <generator object collapse_excgroups at 0x7876a42a4ad0>\n    |     └ <contextlib._GeneratorContextManager object at 0x7876a42b9220>\n    |   File \"/home/surjit/Desktop/et hackathon/v1/Cyber-Fraud-Detection-Service-develop/backend/case/.venv/lib/python3.12/site-packages/starlette/_utils.py\", line 93, in collapse_excgroups\n    |     raise exc\n    |   File \"/home/surjit/Desktop/et hackathon/v1/Cyber-Fraud-Detection-Service-develop/backend/case/.venv/lib/python3.12/site-packages/starlette/middleware/base.py\", line 191, in __call__\n    |     response = await self.dispatch_func(request, call_next)\n    |                      │    │             │        └ <function BaseHTTPMiddleware.__call__.<locals>.call_next at 0x7876a42c40e0>\n    |                      │    │             └ <starlette.middleware.base._CachedRequest object at 0x7876a42b91f0>\n    |                      │    └ <function correlation_middleware at 0x7876bfa59080>\n    |                      └ <starlette.middleware.base.BaseHTTPMiddleware object at 0x7876a42b8ce0>\n    |\n    |   File \"/home/surjit/Desktop/et hackathon/v1/Cyber-Fraud-Detection-Service-develop/backend/case/main.py\", line 130, in correlation_middleware\n    |     response: Response = await call_next(request)\n    |                                │         └ <starlette.middleware.base._CachedRequest object at 0x7876a42b91f0>\n    |                                └ <function BaseHTTPMiddleware.__call__.<locals>.call_next at 0x7876a42c40e0>\n    |\n    |   File \"/home/surjit/Desktop/et hackathon/v1/Cyber-Fraud-Detection-Service-develop/backend/case/.venv/lib/python3.12/site-packages/starlette/middleware/base.py\", line 165, in call_next\n    |     raise app_exc\n    |           └ AttributeError(\"'State' object has no attribute 'db_session_factory'\")\n    |   File \"/home/surjit/Desktop/et hackathon/v1/Cyber-Fraud-Detection-Service-develop/backend/case/.venv/lib/python3.12/site-packages/starlette/middleware/base.py\", line 151, in coro\n    |     await self.app(scope, receive_or_disconnect, send_no_error)\n    |           │    │   │      │                      └ <function BaseHTTPMiddleware.__call__.<locals>.call_next.<locals>.send_no_error at 0x7876a42c44a0>\n    |           │    │   │      └ <function BaseHTTPMiddleware.__call__.<locals>.call_next.<locals>.receive_or_disconnect at 0x7876a42c42c0>\n    |           │    │   └ {'type': 'http', 'asgi': {'version': '3.0'}, 'http_version': '1.1', 'method': 'POST', 'headers': [(b'host', b'test'), (b'acce...\n    |           │    └ <prometheus_fastapi_instrumentator.middleware.PrometheusInstrumentatorMiddleware object at 0x7876a42b8980>\n    |           └ <starlette.middleware.base.BaseHTTPMiddleware object at 0x7876a42b8ce0>\n    |   File \"/home/surjit/Desktop/et hackathon/v1/Cyber-Fraud-Detection-Service-develop/backend/case/.venv/lib/python3.12/site-packages/prometheus_fastapi_instrumentator/middleware.py\", line 174, in __call__\n    |     raise exc\n    |   File \"/home/surjit/Desktop/et hackathon/v1/Cyber-Fraud-Detection-Service-develop/backend/case/.venv/lib/python3.12/site-packages/prometheus_fastapi_instrumentator/middleware.py\", line 172, in __call__\n    |     await self.app(scope, receive, send_wrapper)\n    |           │    │   │      │        └ <function PrometheusInstrumentatorMiddleware.__call__.<locals>.send_wrapper at 0x7876a42c4d60>\n    |           │    │   │      └ <function BaseHTTPMiddleware.__call__.<locals>.call_next.<locals>.receive_or_disconnect at 0x7876a42c42c0>\n    |           │    │   └ {'type': 'http', 'asgi': {'version': '3.0'}, 'http_version': '1.1', 'method': 'POST', 'headers': [(b'host', b'test'), (b'acce...\n    |           │    └ <opentelemetry.instrumentation.asgi.OpenTelemetryMiddleware object at 0x7876a424f020>\n    |           └ <prometheus_fastapi_instrumentator.middleware.PrometheusInstrumentatorMiddleware object at 0x7876a42b8980>\n    |   File \"/home/surjit/Desktop/et hackathon/v1/Cyber-Fraud-Detection-Service-develop/backend/case/.venv/lib/python3.12/site-packages/opentelemetry/instrumentation/asgi/__init__.py\", line 631, in __call__\n    |     await self.app(scope, otel_receive, otel_send)\n    |           │    │   │      │             └ <function PrometheusInstrumentatorMiddleware.__call__.<locals>.send_wrapper at 0x7876a42c4f40>\n    |           │    │   │      └ <function BaseHTTPMiddleware.__call__.<locals>.call_next.<locals>.receive_or_disconnect at 0x7876a42c4ea0>\n    |           │    │   └ {'type': 'http', 'asgi': {'version': '3.0'}, 'http_version': '1.1', 'method': 'POST', 'headers': [(b'host', b'test'), (b'acce...\n    |           │    └ <starlette.middleware.exceptions.ExceptionMiddleware object at 0x7876a424ef60>\n    |           └ <opentelemetry.instrumentation.asgi.OpenTelemetryMiddleware object at 0x7876a424f020>\n    |   File \"/home/surjit/Desktop/et hackathon/v1/Cyber-Fraud-Detection-Service-develop/backend/case/.venv/lib/python3.12/site-packages/starlette/middleware/exceptions.py\", line 65, in __call__\n    |     await wrap_app_handling_exceptions(self.app, conn)(scope, receive, send)\n    |           │                            │    │    │     │      │        └ <function PrometheusInstrumentatorMiddleware.__call__.<locals>.send_wrapper at 0x7876a42c4f40>\n    |           │                            │    │    │     │      └ <function BaseHTTPMiddleware.__call__.<locals>.call_next.<locals>.receive_or_disconnect at 0x7876a42c4ea0>\n    |           │                            │    │    │     └ {'type': 'http', 'asgi': {'version': '3.0'}, 'http_version': '1.1', 'method': 'POST', 'headers': [(b'host', b'test'), (b'acce...\n    |           │                            │    │    └ <starlette.requests.Request object at 0x7876a42ba870>\n    |           │                            │    └ <fastapi.routing.APIRouter object at 0x7876bfa3ddf0>\n    |           │                            └ <starlette.middleware.exceptions.ExceptionMiddleware object at 0x7876a424ef60>\n    |           └ <function wrap_app_handling_exceptions at 0x7876c1542a20>\n    |   File \"/home/surjit/Desktop/et hackathon/v1/Cyber-Fraud-Detection-Service-develop/backend/case/.venv/lib/python3.12/site-packages/starlette/_exception_handler.py\", line 64, in wrapped_app\n    |     raise exc\n    |   File \"/home/surjit/Desktop/et hackathon/v1/Cyber-Fraud-Detection-Service-develop/backend/case/.venv/lib/python3.12/site-packages/starlette/_exception_handler.py\", line 53, in wrapped_app\n    |     await app(scope, receive, sender)\n    |           │   │      │        └ <function wrap_app_handling_exceptions.<locals>.wrapped_app.<locals>.sender at 0x7876a42c5080>\n    |           │   │      └ <function BaseHTTPMiddleware.__call__.<locals>.call_next.<locals>.receive_or_disconnect at 0x7876a42c4ea0>\n    |           │   └ {'type': 'http', 'asgi': {'version': '3.0'}, 'http_version': '1.1', 'method': 'POST', 'headers': [(b'host', b'test'), (b'acce...\n    |           └ <fastapi.routing.APIRouter object at 0x7876bfa3ddf0>\n    |   File \"/home/surjit/Desktop/et hackathon/v1/Cyber-Fraud-Detection-Service-develop/backend/case/.venv/lib/python3.12/site-packages/starlette/routing.py\", line 756, in __call__\n    |     await self.middleware_stack(scope, receive, send)\n    |           │    │                │      │        └ <function wrap_app_handling_exceptions.<locals>.wrapped_app.<locals>.sender at 0x7876a42c5080>\n    |           │    │                │      └ <function BaseHTTPMiddleware.__call__.<locals>.call_next.<locals>.receive_or_disconnect at 0x7876a42c4ea0>\n    |           │    │                └ {'type': 'http', 'asgi': {'version': '3.0'}, 'http_version': '1.1', 'method': 'POST', 'headers': [(b'host', b'test'), (b'acce...\n    |           │    └ <bound method Router.app of <fastapi.routing.APIRouter object at 0x7876bfa3ddf0>>\n    |           └ <fastapi.routing.APIRouter object at 0x7876bfa3ddf0>\n    |   File \"/home/surjit/Desktop/et hackathon/v1/Cyber-Fraud-Detection-Service-develop/backend/case/.venv/lib/python3.12/site-packages/starlette/routing.py\", line 776, in app\n    |     await route.handle(scope, receive, send)\n    |           │     │      │      │        └ <function wrap_app_handling_exceptions.<locals>.wrapped_app.<locals>.sender at 0x7876a42c5080>\n    |           │     │      │      └ <function BaseHTTPMiddleware.__call__.<locals>.call_next.<locals>.receive_or_disconnect at 0x7876a42c4ea0>\n    |           │     │      └ {'type': 'http', 'asgi': {'version': '3.0'}, 'http_version': '1.1', 'method': 'POST', 'headers': [(b'host', b'test'), (b'acce...\n    |           │     └ <function Route.handle at 0x7876c1543e20>\n    |           └ APIRoute(path='/api/v1/cases', name='create_case', methods=['POST'])\n    |   File \"/home/surjit/Desktop/et hackathon/v1/Cyber-Fraud-Detection-Service-develop/backend/case/.venv/lib/python3.12/site-packages/starlette/routing.py\", line 297, in handle\n    |     await self.app(scope, receive, send)\n    |           │    │   │      │        └ <function wrap_app_handling_exceptions.<locals>.wrapped_app.<locals>.sender at 0x7876a42c5080>\n    |           │    │   │      └ <function BaseHTTPMiddleware.__call__.<locals>.call_next.<locals>.receive_or_disconnect at 0x7876a42c4ea0>\n    |           │    │   └ {'type': 'http', 'asgi': {'version': '3.0'}, 'http_version': '1.1', 'method': 'POST', 'headers': [(b'host', b'test'), (b'acce...\n    |           │    └ <function request_response.<locals>.app at 0x7876a43fa5c0>\n    |           └ APIRoute(path='/api/v1/cases', name='create_case', methods=['POST'])\n    |   File \"/home/surjit/Desktop/et hackathon/v1/Cyber-Fraud-Detection-Service-develop/backend/case/.venv/lib/python3.12/site-packages/starlette/routing.py\", line 77, in app\n    |     await wrap_app_handling_exceptions(app, request)(scope, receive, send)\n    |           │                            │    │        │      │        └ <function wrap_app_handling_exceptions.<locals>.wrapped_app.<locals>.sender at 0x7876a42c5080>\n    |           │                            │    │        │      └ <function BaseHTTPMiddleware.__call__.<locals>.call_next.<locals>.receive_or_disconnect at 0x7876a42c4ea0>\n    |           │                            │    │        └ {'type': 'http', 'asgi': {'version': '3.0'}, 'http_version': '1.1', 'method': 'POST', 'headers': [(b'host', b'test'), (b'acce...\n    |           │                            │    └ <starlette.requests.Request object at 0x7876a42bab70>\n    |           │                            └ <function request_response.<locals>.app.<locals>.app at 0x7876a42c5120>\n    |           └ <function wrap_app_handling_exceptions at 0x7876c1542a20>\n    |   File \"/home/surjit/Desktop/et hackathon/v1/Cyber-Fraud-Detection-Service-develop/backend/case/.venv/lib/python3.12/site-packages/starlette/_exception_handler.py\", line 64, in wrapped_app\n    |     raise exc\n    |   File \"/home/surjit/Desktop/et hackathon/v1/Cyber-Fraud-Detection-Service-develop/backend/case/.venv/lib/python3.12/site-packages/starlette/_exception_handler.py\", line 53, in wrapped_app\n    |     await app(scope, receive, sender)\n    |           │   │      │        └ <function wrap_app_handling_exceptions.<locals>.wrapped_app.<locals>.sender at 0x7876a42c5260>\n    |           │   │      └ <function BaseHTTPMiddleware.__call__.<locals>.call_next.<locals>.receive_or_disconnect at 0x7876a42c4ea0>\n    |           │   └ {'type': 'http', 'asgi': {'version': '3.0'}, 'http_version': '1.1', 'method': 'POST', 'headers': [(b'host', b'test'), (b'acce...\n    |           └ <function request_response.<locals>.app.<locals>.app at 0x7876a42c5120>\n    |   File \"/home/surjit/Desktop/et hackathon/v1/Cyber-Fraud-Detection-Service-develop/backend/case/.venv/lib/python3.12/site-packages/starlette/routing.py\", line 72, in app\n    |     response = await func(request)\n    |                      │    └ <starlette.requests.Request object at 0x7876a42bab70>\n    |                      └ <function get_request_handler.<locals>.app at 0x7876a43fa160>\n    |   File \"/home/surjit/Desktop/et hackathon/v1/Cyber-Fraud-Detection-Service-develop/backend/case/.venv/lib/python3.12/site-packages/fastapi/routing.py\", line 269, in app\n    |     solved_result = await solve_dependencies(\n    |                           └ <function solve_dependencies at 0x7876c1540860>\n    |   File \"/home/surjit/Desktop/et hackathon/v1/Cyber-Fraud-Detection-Service-develop/backend/case/.venv/lib/python3.12/site-packages/fastapi/dependencies/utils.py\", line 596, in solve_dependencies\n    |     solved = await solve_generator(\n    |                    └ <function solve_generator at 0x7876c15407c0>\n    |   File \"/home/surjit/Desktop/et hackathon/v1/Cyber-Fraud-Detection-Service-develop/backend/case/.venv/lib/python3.12/site-packages/fastapi/dependencies/utils.py\", line 521, in solve_generator\n    |     return await stack.enter_async_context(cm)\n    |                  │     │                   └ <contextlib._AsyncGeneratorContextManager object at 0x7876a42bb710>\n    |                  │     └ <function AsyncExitStack.enter_async_context at 0x7876c392d1c0>\n    |                  └ <contextlib.AsyncExitStack object at 0x7876a42bb650>\n    |   File \"/usr/lib/python3.12/contextlib.py\", line 659, in enter_async_context\n    |     result = await _enter(cm)\n    |                    │      └ <contextlib._AsyncGeneratorContextManager object at 0x7876a42bb710>\n    |                    └ <function _AsyncGeneratorContextManager.__aenter__ at 0x7876c3ab7c40>\n    |   File \"/usr/lib/python3.12/contextlib.py\", line 210, in __aenter__\n    |     return await anext(self.gen)\n    |                        │    └ <async_generator object get_db at 0x7876a42bd4e0>\n    |                        └ <contextlib._AsyncGeneratorContextManager object at 0x7876a42bb710>\n    |\n    |   File \"/home/surjit/Desktop/et hackathon/v1/Cyber-Fraud-Detection-Service-develop/backend/case/db.py\", line 37, in get_db\n    |     session_factory = request.app.state.db_session_factory\n    |                       │       └ <property object at 0x7876c18b5b20>\n    |                       └ <starlette.requests.Request object at 0x7876a42bab70>\n    |\n    |   File \"/home/surjit/Desktop/et hackathon/v1/Cyber-Fraud-Detection-Service-develop/backend/case/.venv/lib/python3.12/site-packages/starlette/datastructures.py\", line 702, in __getattr__\n    |     raise AttributeError(message.format(self.__class__.__name__, key))\n    |                          │       │      │    │         │         └ 'db_session_factory'\n    |                          │       │      │    │         └ <member '__name__' of 'getset_descriptor' objects>\n    |                          │       │      │    └ <attribute '__class__' of 'object' objects>\n    |                          │       │      └ <starlette.datastructures.State object at 0x7876bfa3ddc0>\n    |                          │       └ <method 'format' of 'str' objects>\n    |                          └ \"'{}' object has no attribute '{}'\"\n    |\n    | AttributeError: 'State' object has no attribute 'db_session_factory'\n    +------------------------------------\n\n\nDuring handling of the above exception, another exception occurred:\n\n\nTraceback (most recent call last):\n\n  File \"/home/surjit/Desktop/et hackathon/v1/Cyber-Fraud-Detection-Service-develop/backend/case/.venv/bin/pytest\", line 10, in <module>\n    sys.exit(console_main())\n    │   │    └ <function console_main at 0x7876c35fb380>\n    │   └ <built-in function exit>\n    └ <module 'sys' (built-in)>\n  File \"/home/surjit/Desktop/et hackathon/v1/Cyber-Fraud-Detection-Service-develop/backend/case/.venv/lib/python3.12/site-packages/_pytest/config/__init__.py\", line 206, in console_main\n    code = main()\n           └ <function main at 0x7876c35fb240>\n  File \"/home/surjit/Desktop/et hackathon/v1/Cyber-Fraud-Detection-Service-develop/backend/case/.venv/lib/python3.12/site-packages/_pytest/config/__init__.py\", line 178, in main\n    ret: Union[ExitCode, int] = config.hook.pytest_cmdline_main(\n         │     │                │      │    └ <HookCaller 'pytest_cmdline_main'>\n         │     │                │      └ <_pytest.config.compat.PathAwareHookProxy object at 0x7876c3208f80>\n         │     │                └ <_pytest.config.Config object at 0x7876c3932ae0>\n         │     └ <enum 'ExitCode'>\n         └ typing.Union\n  File \"/home/surjit/Desktop/et hackathon/v1/Cyber-Fraud-Detection-Service-develop/backend/case/.venv/lib/python3.12/site-packages/pluggy/_hooks.py\", line 512, in __call__\n    return self._hookexec(self.name, self._hookimpls.copy(), kwargs, firstresult)\n           │    │         │    │     │    │                  │       └ True\n           │    │         │    │     │    │                  └ {'config': <_pytest.config.Config object at 0x7876c3932ae0>}\n           │    │         │    │     │    └ <member '_hookimpls' of 'HookCaller' objects>\n           │    │         │    │     └ <HookCaller 'pytest_cmdline_main'>\n           │    │         │    └ <member 'name' of 'HookCaller' objects>\n           │    │         └ <HookCaller 'pytest_cmdline_main'>\n           │    └ <member '_hookexec' of 'HookCaller' objects>\n           └ <HookCaller 'pytest_cmdline_main'>\n  File \"/home/surjit/Desktop/et hackathon/v1/Cyber-Fraud-Detection-Service-develop/backend/case/.venv/lib/python3.12/site-packages/pluggy/_manager.py\", line 120, in _hookexec\n    return self._inner_hookexec(hook_name, methods, kwargs, firstresult)\n           │    │               │          │        │       └ True\n           │    │               │          │        └ {'config': <_pytest.config.Config object at 0x7876c3932ae0>}\n           │    │               │          └ [<HookImpl plugin_name='main', plugin=<module '_pytest.main' from '/home/surjit/Desktop/et hackathon/v1/Cyber-Fraud-Detection...\n           │    │               └ 'pytest_cmdline_main'\n           │    └ <function _multicall at 0x7876c38d9440>\n           └ <_pytest.config.PytestPluginManager object at 0x7876c3ac1940>\n  File \"/home/surjit/Desktop/et hackathon/v1/Cyber-Fraud-Detection-Service-develop/backend/case/.venv/lib/python3.12/site-packages/pluggy/_callers.py\", line 121, in _multicall\n    res = hook_impl.function(*args)\n          │         │         └ [<_pytest.config.Config object at 0x7876c3932ae0>]\n          │         └ <member 'function' of 'HookImpl' objects>\n          └ <HookImpl plugin_name='main', plugin=<module '_pytest.main' from '/home/surjit/Desktop/et hackathon/v1/Cyber-Fraud-Detection-...\n  File \"/home/surjit/Desktop/et hackathon/v1/Cyber-Fraud-Detection-Service-develop/backend/case/.venv/lib/python3.12/site-packages/_pytest/main.py\", line 332, in pytest_cmdline_main\n    return wrap_session(config, _main)\n           │            │       └ <function _main at 0x7876c34c6660>\n           │            └ <_pytest.config.Config object at 0x7876c3932ae0>\n           └ <function wrap_session at 0x7876c34c65c0>\n  File \"/home/surjit/Desktop/et hackathon/v1/Cyber-Fraud-Detection-Service-develop/backend/case/.venv/lib/python3.12/site-packages/_pytest/main.py\", line 285, in wrap_session\n    session.exitstatus = doit(config, session) or 0\n    │       │            │    │       └ <Session  exitstatus=<ExitCode.OK: 0> testsfailed=0 testscollected=1>\n    │       │            │    └ <_pytest.config.Config object at 0x7876c3932ae0>\n    │       │            └ <function _main at 0x7876c34c6660>\n    │       └ <ExitCode.OK: 0>\n    └ <Session  exitstatus=<ExitCode.OK: 0> testsfailed=0 testscollected=1>\n  File \"/home/surjit/Desktop/et hackathon/v1/Cyber-Fraud-Detection-Service-develop/backend/case/.venv/lib/python3.12/site-packages/_pytest/main.py\", line 339, in _main\n    config.hook.pytest_runtestloop(session=session)\n    │      │    │                          └ <Session  exitstatus=<ExitCode.OK: 0> testsfailed=0 testscollected=1>\n    │      │    └ <HookCaller 'pytest_runtestloop'>\n    │      └ <_pytest.config.compat.PathAwareHookProxy object at 0x7876c3208f80>\n    └ <_pytest.config.Config object at 0x7876c3932ae0>\n  File \"/home/surjit/Desktop/et hackathon/v1/Cyber-Fraud-Detection-Service-develop/backend/case/.venv/lib/python3.12/site-packages/pluggy/_hooks.py\", line 512, in __call__\n    return self._hookexec(self.name, self._hookimpls.copy(), kwargs, firstresult)\n           │    │         │    │     │    │                  │       └ True\n           │    │         │    │     │    │                  └ {'session': <Session  exitstatus=<ExitCode.OK: 0> testsfailed=0 testscollected=1>}\n           │    │         │    │     │    └ <member '_hookimpls' of 'HookCaller' objects>\n           │    │         │    │     └ <HookCaller 'pytest_runtestloop'>\n           │    │         │    └ <member 'name' of 'HookCaller' objects>\n           │    │         └ <HookCaller 'pytest_runtestloop'>\n           │    └ <member '_hookexec' of 'HookCaller' objects>\n           └ <HookCaller 'pytest_runtestloop'>\n  File \"/home/surjit/Desktop/et hackathon/v1/Cyber-Fraud-Detection-Service-develop/backend/case/.venv/lib/python3.12/site-packages/pluggy/_manager.py\", line 120, in _hookexec\n    return self._inner_hookexec(hook_name, methods, kwargs, firstresult)\n           │    │               │          │        │       └ True\n           │    │               │          │        └ {'session': <Session  exitstatus=<ExitCode.OK: 0> testsfailed=0 testscollected=1>}\n           │    │               │          └ [<HookImpl plugin_name='main', plugin=<module '_pytest.main' from '/home/surjit/Desktop/et hackathon/v1/Cyber-Fraud-Detection...\n           │    │               └ 'pytest_runtestloop'\n           │    └ <function _multicall at 0x7876c38d9440>\n           └ <_pytest.config.PytestPluginManager object at 0x7876c3ac1940>\n  File \"/home/surjit/Desktop/et hackathon/v1/Cyber-Fraud-Detection-Service-develop/backend/case/.venv/lib/python3.12/site-packages/pluggy/_callers.py\", line 121, in _multicall\n    res = hook_impl.function(*args)\n          │         │         └ [<Session  exitstatus=<ExitCode.OK: 0> testsfailed=0 testscollected=1>]\n          │         └ <member 'function' of 'HookImpl' objects>\n          └ <HookImpl plugin_name='main', plugin=<module '_pytest.main' from '/home/surjit/Desktop/et hackathon/v1/Cyber-Fraud-Detection-...\n  File \"/home/surjit/Desktop/et hackathon/v1/Cyber-Fraud-Detection-Service-develop/backend/case/.venv/lib/python3.12/site-packages/_pytest/main.py\", line 364, in pytest_runtestloop\n    item.config.hook.pytest_runtest_protocol(item=item, nextitem=nextitem)\n    │    │                                        │              └ None\n    │    │                                        └ <Coroutine test_create_case_invalid_complaint_type>\n    │    └ <member 'config' of 'Node' objects>\n    └ <Coroutine test_create_case_invalid_complaint_type>\n  File \"/home/surjit/Desktop/et hackathon/v1/Cyber-Fraud-Detection-Service-develop/backend/case/.venv/lib/python3.12/site-packages/pluggy/_hooks.py\", line 512, in __call__\n    return self._hookexec(self.name, self._hookimpls.copy(), kwargs, firstresult)\n           │    │         │    │     │    │                  │       └ True\n           │    │         │    │     │    │                  └ {'item': <Coroutine test_create_case_invalid_complaint_type>, 'nextitem': None}\n           │    │         │    │     │    └ <member '_hookimpls' of 'HookCaller' objects>\n           │    │         │    │     └ <HookCaller 'pytest_runtest_protocol'>\n           │    │         │    └ <member 'name' of 'HookCaller' objects>\n           │    │         └ <HookCaller 'pytest_runtest_protocol'>\n           │    └ <member '_hookexec' of 'HookCaller' objects>\n           └ <HookCaller 'pytest_runtest_protocol'>\n  File \"/home/surjit/Desktop/et hackathon/v1/Cyber-Fraud-Detection-Service-develop/backend/case/.venv/lib/python3.12/site-packages/pluggy/_manager.py\", line 120, in _hookexec\n    return self._inner_hookexec(hook_name, methods, kwargs, firstresult)\n           │    │               │          │        │       └ True\n           │    │               │          │        └ {'item': <Coroutine test_create_case_invalid_complaint_type>, 'nextitem': None}\n           │    │               │          └ [<HookImpl plugin_name='runner', plugin=<module '_pytest.runner' from '/home/surjit/Desktop/et hackathon/v1/Cyber-Fraud-Detec...\n           │    │               └ 'pytest_runtest_protocol'\n           │    └ <function _multicall at 0x7876c38d9440>\n           └ <_pytest.config.PytestPluginManager object at 0x7876c3ac1940>\n  File \"/home/surjit/Desktop/et hackathon/v1/Cyber-Fraud-Detection-Service-develop/backend/case/.venv/lib/python3.12/site-packages/pluggy/_callers.py\", line 121, in _multicall\n    res = hook_impl.function(*args)\n          │         │         └ [<Coroutine test_create_case_invalid_complaint_type>, None]\n          │         └ <member 'function' of 'HookImpl' objects>\n          └ <HookImpl plugin_name='runner', plugin=<module '_pytest.runner' from '/home/surjit/Desktop/et hackathon/v1/Cyber-Fraud-Detect...\n  File \"/home/surjit/Desktop/et hackathon/v1/Cyber-Fraud-Detection-Service-develop/backend/case/.venv/lib/python3.12/site-packages/_pytest/runner.py\", line 116, in pytest_runtest_protocol\n    runtestprotocol(item, nextitem=nextitem)\n    │               │              └ None\n    │               └ <Coroutine test_create_case_invalid_complaint_type>\n    └ <function runtestprotocol at 0x7876c34c58a0>\n  File \"/home/surjit/Desktop/et hackathon/v1/Cyber-Fraud-Detection-Service-develop/backend/case/.venv/lib/python3.12/site-packages/_pytest/runner.py\", line 135, in runtestprotocol\n    reports.append(call_and_report(item, \"call\", log))\n    │       │      │               │             └ True\n    │       │      │               └ <Coroutine test_create_case_invalid_complaint_type>\n    │       │      └ <function call_and_report at 0x7876c34c5d00>\n    │       └ <method 'append' of 'list' objects>\n    └ [<TestReport 'tests/test_case_endpoints.py::TestCreateCase::test_create_case_invalid_complaint_type' when='setup' outcome='pa...\n  File \"/home/surjit/Desktop/et hackathon/v1/Cyber-Fraud-Detection-Service-develop/backend/case/.venv/lib/python3.12/site-packages/_pytest/runner.py\", line 240, in call_and_report\n    call = CallInfo.from_call(\n           │        └ <classmethod(<function CallInfo.from_call at 0x7876c34c6020>)>\n           └ <class '_pytest.runner.CallInfo'>\n  File \"/home/surjit/Desktop/et hackathon/v1/Cyber-Fraud-Detection-Service-develop/backend/case/.venv/lib/python3.12/site-packages/_pytest/runner.py\", line 341, in from_call\n    result: Optional[TResult] = func()\n            │        │          └ <function call_and_report.<locals>.<lambda> at 0x7876a4287600>\n            │        └ +TResult\n            └ typing.Optional\n  File \"/home/surjit/Desktop/et hackathon/v1/Cyber-Fraud-Detection-Service-develop/backend/case/.venv/lib/python3.12/site-packages/_pytest/runner.py\", line 241, in <lambda>\n    lambda: runtest_hook(item=item, **kwds), when=when, reraise=reraise\n            │                 │       └ {}\n            │                 └ <Coroutine test_create_case_invalid_complaint_type>\n            └ <HookCaller 'pytest_runtest_call'>\n  File \"/home/surjit/Desktop/et hackathon/v1/Cyber-Fraud-Detection-Service-develop/backend/case/.venv/lib/python3.12/site-packages/pluggy/_hooks.py\", line 512, in __call__\n    return self._hookexec(self.name, self._hookimpls.copy(), kwargs, firstresult)\n           │    │         │    │     │    │                  │       └ False\n           │    │         │    │     │    │                  └ {'item': <Coroutine test_create_case_invalid_complaint_type>}\n           │    │         │    │     │    └ <member '_hookimpls' of 'HookCaller' objects>\n           │    │         │    │     └ <HookCaller 'pytest_runtest_call'>\n           │    │         │    └ <member 'name' of 'HookCaller' objects>\n           │    │         └ <HookCaller 'pytest_runtest_call'>\n           │    └ <member '_hookexec' of 'HookCaller' objects>\n           └ <HookCaller 'pytest_runtest_call'>\n  File \"/home/surjit/Desktop/et hackathon/v1/Cyber-Fraud-Detection-Service-develop/backend/case/.venv/lib/python3.12/site-packages/pluggy/_manager.py\", line 120, in _hookexec\n    return self._inner_hookexec(hook_name, methods, kwargs, firstresult)\n           │    │               │          │        │       └ False\n           │    │               │          │        └ {'item': <Coroutine test_create_case_invalid_complaint_type>}\n           │    │               │          └ [<HookImpl plugin_name='runner', plugin=<module '_pytest.runner' from '/home/surjit/Desktop/et hackathon/v1/Cyber-Fraud-Detec...\n           │    │               └ 'pytest_runtest_call'\n           │    └ <function _multicall at 0x7876c38d9440>\n           └ <_pytest.config.PytestPluginManager object at 0x7876c3ac1940>\n  File \"/home/surjit/Desktop/et hackathon/v1/Cyber-Fraud-Detection-Service-develop/backend/case/.venv/lib/python3.12/site-packages/pluggy/_callers.py\", line 121, in _multicall\n    res = hook_impl.function(*args)\n          │         │         └ [<Coroutine test_create_case_invalid_complaint_type>]\n          │         └ <member 'function' of 'HookImpl' objects>\n          └ <HookImpl plugin_name='runner', plugin=<module '_pytest.runner' from '/home/surjit/Desktop/et hackathon/v1/Cyber-Fraud-Detect...\n  File \"/home/surjit/Desktop/et hackathon/v1/Cyber-Fraud-Detection-Service-develop/backend/case/.venv/lib/python3.12/site-packages/_pytest/runner.py\", line 173, in pytest_runtest_call\n    item.runtest()\n    │    └ <function Coroutine.runtest at 0x7876c280eb60>\n    └ <Coroutine test_create_case_invalid_complaint_type>\n  File \"/home/surjit/Desktop/et hackathon/v1/Cyber-Fraud-Detection-Service-develop/backend/case/.venv/lib/python3.12/site-packages/pytest_asyncio/plugin.py\", line 436, in runtest\n    super().runtest()\n  File \"/home/surjit/Desktop/et hackathon/v1/Cyber-Fraud-Detection-Service-develop/backend/case/.venv/lib/python3.12/site-packages/_pytest/python.py\", line 1632, in runtest\n    self.ihook.pytest_pyfunc_call(pyfuncitem=self)\n    │    │                                   └ <Coroutine test_create_case_invalid_complaint_type>\n    │    └ <property object at 0x7876c345b290>\n    └ <Coroutine test_create_case_invalid_complaint_type>\n  File \"/home/surjit/Desktop/et hackathon/v1/Cyber-Fraud-Detection-Service-develop/backend/case/.venv/lib/python3.12/site-packages/pluggy/_hooks.py\", line 512, in __call__\n    return self._hookexec(self.name, self._hookimpls.copy(), kwargs, firstresult)\n           │    │         │    │     │    │                  │       └ True\n           │    │         │    │     │    │                  └ {'pyfuncitem': <Coroutine test_create_case_invalid_complaint_type>}\n           │    │         │    │     │    └ <member '_hookimpls' of 'HookCaller' objects>\n           │    │         │    │     └ <HookCaller 'pytest_pyfunc_call'>\n           │    │         │    └ <member 'name' of 'HookCaller' objects>\n           │    │         └ <HookCaller 'pytest_pyfunc_call'>\n           │    └ <member '_hookexec' of 'HookCaller' objects>\n           └ <HookCaller 'pytest_pyfunc_call'>\n  File \"/home/surjit/Desktop/et hackathon/v1/Cyber-Fraud-Detection-Service-develop/backend/case/.venv/lib/python3.12/site-packages/pluggy/_manager.py\", line 120, in _hookexec\n    return self._inner_hookexec(hook_name, methods, kwargs, firstresult)\n           │    │               │          │        │       └ True\n           │    │               │          │        └ {'pyfuncitem': <Coroutine test_create_case_invalid_complaint_type>}\n           │    │               │          └ [<HookImpl plugin_name='python', plugin=<module '_pytest.python' from '/home/surjit/Desktop/et hackathon/v1/Cyber-Fraud-Detec...\n           │    │               └ 'pytest_pyfunc_call'\n           │    └ <function _multicall at 0x7876c38d9440>\n           └ <_pytest.config.PytestPluginManager object at 0x7876c3ac1940>\n  File \"/home/surjit/Desktop/et hackathon/v1/Cyber-Fraud-Detection-Service-develop/backend/case/.venv/lib/python3.12/site-packages/pluggy/_callers.py\", line 121, in _multicall\n    res = hook_impl.function(*args)\n          │         │         └ [<Coroutine test_create_case_invalid_complaint_type>]\n          │         └ <member 'function' of 'HookImpl' objects>\n          └ <HookImpl plugin_name='python', plugin=<module '_pytest.python' from '/home/surjit/Desktop/et hackathon/v1/Cyber-Fraud-Detect...\n  File \"/home/surjit/Desktop/et hackathon/v1/Cyber-Fraud-Detection-Service-develop/backend/case/.venv/lib/python3.12/site-packages/_pytest/python.py\", line 162, in pytest_pyfunc_call\n    result = testfunction(**testargs)\n             │              └ {'async_client': <httpx.AsyncClient object at 0x7876a42b8590>, 'valid_jwt_headers': {'Authorization': 'Bearer fake-token', 'X...\n             └ <function TestCreateCase.test_create_case_invalid_complaint_type at 0x7876a42877e0>\n  File \"/home/surjit/Desktop/et hackathon/v1/Cyber-Fraud-Detection-Service-develop/backend/case/.venv/lib/python3.12/site-packages/pytest_asyncio/plugin.py\", line 902, in inner\n    _loop.run_until_complete(task)\n    │     │                  └ <Task pending name='Task-2' coro=<TestCreateCase.test_create_case_invalid_complaint_type() running at /home/surjit/Desktop/et...\n    │     └ <function BaseEventLoop.run_until_complete at 0x7876c29b8720>\n    └ <_UnixSelectorEventLoop running=True closed=False debug=False>\n  File \"/usr/lib/python3.12/asyncio/base_events.py\", line 674, in run_until_complete\n    self.run_forever()\n    │    └ <function BaseEventLoop.run_forever at 0x7876c29b8680>\n    └ <_UnixSelectorEventLoop running=True closed=False debug=False>\n  File \"/usr/lib/python3.12/asyncio/base_events.py\", line 641, in run_forever\n    self._run_once()\n    │    └ <function BaseEventLoop._run_once at 0x7876c29ba480>\n    └ <_UnixSelectorEventLoop running=True closed=False debug=False>\n  File \"/usr/lib/python3.12/asyncio/base_events.py\", line 1987, in _run_once\n    handle._run()\n    │      └ <function Handle._run at 0x7876c294e840>\n    └ <Handle Task.task_wakeup(<Future cancelled>)>\n  File \"/usr/lib/python3.12/asyncio/events.py\", line 88, in _run\n    self._context.run(self._callback, *self._args)\n    │    │            │    │           │    └ <member '_args' of 'Handle' objects>\n    │    │            │    │           └ <Handle Task.task_wakeup(<Future cancelled>)>\n    │    │            │    └ <member '_callback' of 'Handle' objects>\n    │    │            └ <Handle Task.task_wakeup(<Future cancelled>)>\n    │    └ <member '_context' of 'Handle' objects>\n    └ <Handle Task.task_wakeup(<Future cancelled>)>\n\n  File \"/home/surjit/Desktop/et hackathon/v1/Cyber-Fraud-Detection-Service-develop/backend/case/tests/test_case_endpoints.py\", line 51, in test_create_case_invalid_complaint_type\n    response = await async_client.post(\n                     │            └ <function AsyncClient.post at 0x7876c24111c0>\n                     └ <httpx.AsyncClient object at 0x7876a42b8590>\n\n  File \"/home/surjit/Desktop/et hackathon/v1/Cyber-Fraud-Detection-Service-develop/backend/case/.venv/lib/python3.12/site-packages/httpx/_client.py\", line 1892, in post\n    return await self.request(\n                 │    └ <function AsyncClient.request at 0x7876c2410b80>\n                 └ <httpx.AsyncClient object at 0x7876a42b8590>\n  File \"/home/surjit/Desktop/et hackathon/v1/Cyber-Fraud-Detection-Service-develop/backend/case/.venv/lib/python3.12/site-packages/httpx/_client.py\", line 1574, in request\n    return await self.send(request, auth=auth, follow_redirects=follow_redirects)\n                 │    │    │             │                      └ <httpx._client.UseClientDefault object at 0x7876c256fb90>\n                 │    │    │             └ <httpx._client.UseClientDefault object at 0x7876c256fb90>\n                 │    │    └ <Request('POST', 'http://test/api/v1/cases')>\n                 │    └ <function AsyncClient.send at 0x7876c2410d60>\n                 └ <httpx.AsyncClient object at 0x7876a42b8590>\n  File \"/home/surjit/Desktop/et hackathon/v1/Cyber-Fraud-Detection-Service-develop/backend/case/.venv/lib/python3.12/site-packages/httpx/_client.py\", line 1661, in send\n    response = await self._send_handling_auth(\n                     │    └ <function AsyncClient._send_handling_auth at 0x7876c2410e00>\n                     └ <httpx.AsyncClient object at 0x7876a42b8590>\n  File \"/home/surjit/Desktop/et hackathon/v1/Cyber-Fraud-Detection-Service-develop/backend/case/.venv/lib/python3.12/site-packages/httpx/_client.py\", line 1689, in _send_handling_auth\n    response = await self._send_handling_redirects(\n                     │    └ <function AsyncClient._send_handling_redirects at 0x7876c2410ea0>\n                     └ <httpx.AsyncClient object at 0x7876a42b8590>\n  File \"/home/surjit/Desktop/et hackathon/v1/Cyber-Fraud-Detection-Service-develop/backend/case/.venv/lib/python3.12/site-packages/httpx/_client.py\", line 1726, in _send_handling_redirects\n    response = await self._send_single_request(request)\n                     │    │                    └ <Request('POST', 'http://test/api/v1/cases')>\n                     │    └ <function AsyncClient._send_single_request at 0x7876c2410f40>\n                     └ <httpx.AsyncClient object at 0x7876a42b8590>\n  File \"/home/surjit/Desktop/et hackathon/v1/Cyber-Fraud-Detection-Service-develop/backend/case/.venv/lib/python3.12/site-packages/httpx/_client.py\", line 1763, in _send_single_request\n    response = await transport.handle_async_request(request)\n                     │         │                    └ <Request('POST', 'http://test/api/v1/cases')>\n                     │         └ <function ASGITransport.handle_async_request at 0x7876c25427a0>\n                     └ <httpx.ASGITransport object at 0x7876a424ce60>\n  File \"/home/surjit/Desktop/et hackathon/v1/Cyber-Fraud-Detection-Service-develop/backend/case/.venv/lib/python3.12/site-packages/httpx/_transports/asgi.py\", line 164, in handle_async_request\n    await self.app(scope, receive, send)\n          │    │   │      │        └ <function ASGITransport.handle_async_request.<locals>.send at 0x7876a42872e0>\n          │    │   │      └ <function ASGITransport.handle_async_request.<locals>.receive at 0x7876a4287380>\n          │    │   └ {'type': 'http', 'asgi': {'version': '3.0'}, 'http_version': '1.1', 'method': 'POST', 'headers': [(b'host', b'test'), (b'acce...\n          │    └ <fastapi.applications.FastAPI object at 0x7876bfa3dd30>\n          └ <httpx.ASGITransport object at 0x7876a424ce60>\n  File \"/home/surjit/Desktop/et hackathon/v1/Cyber-Fraud-Detection-Service-develop/backend/case/.venv/lib/python3.12/site-packages/fastapi/applications.py\", line 1054, in __call__\n    await super().__call__(scope, receive, send)\n                           │      │        └ <function ASGITransport.handle_async_request.<locals>.send at 0x7876a42872e0>\n                           │      └ <function ASGITransport.handle_async_request.<locals>.receive at 0x7876a4287380>\n                           └ {'type': 'http', 'asgi': {'version': '3.0'}, 'http_version': '1.1', 'method': 'POST', 'headers': [(b'host', b'test'), (b'acce...\n  File \"/home/surjit/Desktop/et hackathon/v1/Cyber-Fraud-Detection-Service-develop/backend/case/.venv/lib/python3.12/site-packages/starlette/applications.py\", line 123, in __call__\n    await self.middleware_stack(scope, receive, send)\n          │    │                │      │        └ <function ASGITransport.handle_async_request.<locals>.send at 0x7876a42872e0>\n          │    │                │      └ <function ASGITransport.handle_async_request.<locals>.receive at 0x7876a4287380>\n          │    │                └ {'type': 'http', 'asgi': {'version': '3.0'}, 'http_version': '1.1', 'method': 'POST', 'headers': [(b'host', b'test'), (b'acce...\n          │    └ <starlette.middleware.errors.ServerErrorMiddleware object at 0x7876a42b9130>\n          └ <fastapi.applications.FastAPI object at 0x7876bfa3dd30>\n> File \"/home/surjit/Desktop/et hackathon/v1/Cyber-Fraud-Detection-Service-develop/backend/case/.venv/lib/python3.12/site-packages/starlette/middleware/errors.py\", line 164, in __call__\n    await self.app(scope, receive, _send)\n          │    │   │      │        └ <function ServerErrorMiddleware.__call__.<locals>._send at 0x7876a4287240>\n          │    │   │      └ <function ASGITransport.handle_async_request.<locals>.receive at 0x7876a4287380>\n          │    │   └ {'type': 'http', 'asgi': {'version': '3.0'}, 'http_version': '1.1', 'method': 'POST', 'headers': [(b'host', b'test'), (b'acce...\n          │    └ <starlette.middleware.base.BaseHTTPMiddleware object at 0x7876a42b8ce0>\n          └ <starlette.middleware.errors.ServerErrorMiddleware object at 0x7876a42b9130>\n  File \"/home/surjit/Desktop/et hackathon/v1/Cyber-Fraud-Detection-Service-develop/backend/case/.venv/lib/python3.12/site-packages/starlette/middleware/base.py\", line 189, in __call__\n    with collapse_excgroups():\n         └ <function collapse_excgroups at 0x7876c184e480>\n  File \"/usr/lib/python3.12/contextlib.py\", line 158, in __exit__\n    self.gen.throw(value)\n    │    │   │     └ ExceptionGroup('unhandled errors in a TaskGroup', [AttributeError(\"'State' object has no attribute 'db_session_factory'\")])\n    │    │   └ <method 'throw' of 'generator' objects>\n    │    └ <generator object collapse_excgroups at 0x7876a42a4ad0>\n    └ <contextlib._GeneratorContextManager object at 0x7876a42b9220>\n  File \"/home/surjit/Desktop/et hackathon/v1/Cyber-Fraud-Detection-Service-develop/backend/case/.venv/lib/python3.12/site-packages/starlette/_utils.py\", line 93, in collapse_excgroups\n    raise exc\n  File \"/home/surjit/Desktop/et hackathon/v1/Cyber-Fraud-Detection-Service-develop/backend/case/.venv/lib/python3.12/site-packages/starlette/middleware/base.py\", line 191, in __call__\n    response = await self.dispatch_func(request, call_next)\n                     │    │             │        └ <function BaseHTTPMiddleware.__call__.<locals>.call_next at 0x7876a42c40e0>\n                     │    │             └ <starlette.middleware.base._CachedRequest object at 0x7876a42b91f0>\n                     │    └ <function correlation_middleware at 0x7876bfa59080>\n                     └ <starlette.middleware.base.BaseHTTPMiddleware object at 0x7876a42b8ce0>\n\n  File \"/home/surjit/Desktop/et hackathon/v1/Cyber-Fraud-Detection-Service-develop/backend/case/main.py\", line 130, in correlation_middleware\n    response: Response = await call_next(request)\n                               │         └ <starlette.middleware.base._CachedRequest object at 0x7876a42b91f0>\n                               └ <function BaseHTTPMiddleware.__call__.<locals>.call_next at 0x7876a42c40e0>\n\n  File \"/home/surjit/Desktop/et hackathon/v1/Cyber-Fraud-Detection-Service-develop/backend/case/.venv/lib/python3.12/site-packages/starlette/middleware/base.py\", line 165, in call_next\n    raise app_exc\n          └ AttributeError(\"'State' object has no attribute 'db_session_factory'\")\n  File \"/home/surjit/Desktop/et hackathon/v1/Cyber-Fraud-Detection-Service-develop/backend/case/.venv/lib/python3.12/site-packages/starlette/middleware/base.py\", line 151, in coro\n    await self.app(scope, receive_or_disconnect, send_no_error)\n          │    │   │      │                      └ <function BaseHTTPMiddleware.__call__.<locals>.call_next.<locals>.send_no_error at 0x7876a42c44a0>\n          │    │   │      └ <function BaseHTTPMiddleware.__call__.<locals>.call_next.<locals>.receive_or_disconnect at 0x7876a42c42c0>\n          │    │   └ {'type': 'http', 'asgi': {'version': '3.0'}, 'http_version': '1.1', 'method': 'POST', 'headers': [(b'host', b'test'), (b'acce...\n          │    └ <prometheus_fastapi_instrumentator.middleware.PrometheusInstrumentatorMiddleware object at 0x7876a42b8980>\n          └ <starlette.middleware.base.BaseHTTPMiddleware object at 0x7876a42b8ce0>\n  File \"/home/surjit/Desktop/et hackathon/v1/Cyber-Fraud-Detection-Service-develop/backend/case/.venv/lib/python3.12/site-packages/prometheus_fastapi_instrumentator/middleware.py\", line 174, in __call__\n    raise exc\n  File \"/home/surjit/Desktop/et hackathon/v1/Cyber-Fraud-Detection-Service-develop/backend/case/.venv/lib/python3.12/site-packages/prometheus_fastapi_instrumentator/middleware.py\", line 172, in __call__\n    await self.app(scope, receive, send_wrapper)\n          │    │   │      │        └ <function PrometheusInstrumentatorMiddleware.__call__.<locals>.send_wrapper at 0x7876a42c4d60>\n          │    │   │      └ <function BaseHTTPMiddleware.__call__.<locals>.call_next.<locals>.receive_or_disconnect at 0x7876a42c42c0>\n          │    │   └ {'type': 'http', 'asgi': {'version': '3.0'}, 'http_version': '1.1', 'method': 'POST', 'headers': [(b'host', b'test'), (b'acce...\n          │    └ <opentelemetry.instrumentation.asgi.OpenTelemetryMiddleware object at 0x7876a424f020>\n          └ <prometheus_fastapi_instrumentator.middleware.PrometheusInstrumentatorMiddleware object at 0x7876a42b8980>\n  File \"/home/surjit/Desktop/et hackathon/v1/Cyber-Fraud-Detection-Service-develop/backend/case/.venv/lib/python3.12/site-packages/opentelemetry/instrumentation/asgi/__init__.py\", line 631, in __call__\n    await self.app(scope, otel_receive, otel_send)\n          │    │   │      │             └ <function PrometheusInstrumentatorMiddleware.__call__.<locals>.send_wrapper at 0x7876a42c4f40>\n          │    │   │      └ <function BaseHTTPMiddleware.__call__.<locals>.call_next.<locals>.receive_or_disconnect at 0x7876a42c4ea0>\n          │    │   └ {'type': 'http', 'asgi': {'version': '3.0'}, 'http_version': '1.1', 'method': 'POST', 'headers': [(b'host', b'test'), (b'acce...\n          │    └ <starlette.middleware.exceptions.ExceptionMiddleware object at 0x7876a424ef60>\n          └ <opentelemetry.instrumentation.asgi.OpenTelemetryMiddleware object at 0x7876a424f020>\n  File \"/home/surjit/Desktop/et hackathon/v1/Cyber-Fraud-Detection-Service-develop/backend/case/.venv/lib/python3.12/site-packages/starlette/middleware/exceptions.py\", line 65, in __call__\n    await wrap_app_handling_exceptions(self.app, conn)(scope, receive, send)\n          │                            │    │    │     │      │        └ <function PrometheusInstrumentatorMiddleware.__call__.<locals>.send_wrapper at 0x7876a42c4f40>\n          │                            │    │    │     │      └ <function BaseHTTPMiddleware.__call__.<locals>.call_next.<locals>.receive_or_disconnect at 0x7876a42c4ea0>\n          │                            │    │    │     └ {'type': 'http', 'asgi': {'version': '3.0'}, 'http_version': '1.1', 'method': 'POST', 'headers': [(b'host', b'test'), (b'acce...\n          │                            │    │    └ <starlette.requests.Request object at 0x7876a42ba870>\n          │                            │    └ <fastapi.routing.APIRouter object at 0x7876bfa3ddf0>\n          │                            └ <starlette.middleware.exceptions.ExceptionMiddleware object at 0x7876a424ef60>\n          └ <function wrap_app_handling_exceptions at 0x7876c1542a20>\n  File \"/home/surjit/Desktop/et hackathon/v1/Cyber-Fraud-Detection-Service-develop/backend/case/.venv/lib/python3.12/site-packages/starlette/_exception_handler.py\", line 64, in wrapped_app\n    raise exc\n  File \"/home/surjit/Desktop/et hackathon/v1/Cyber-Fraud-Detection-Service-develop/backend/case/.venv/lib/python3.12/site-packages/starlette/_exception_handler.py\", line 53, in wrapped_app\n    await app(scope, receive, sender)\n          │   │      │        └ <function wrap_app_handling_exceptions.<locals>.wrapped_app.<locals>.sender at 0x7876a42c5080>\n          │   │      └ <function BaseHTTPMiddleware.__call__.<locals>.call_next.<locals>.receive_or_disconnect at 0x7876a42c4ea0>\n          │   └ {'type': 'http', 'asgi': {'version': '3.0'}, 'http_version': '1.1', 'method': 'POST', 'headers': [(b'host', b'test'), (b'acce...\n          └ <fastapi.routing.APIRouter object at 0x7876bfa3ddf0>\n  File \"/home/surjit/Desktop/et hackathon/v1/Cyber-Fraud-Detection-Service-develop/backend/case/.venv/lib/python3.12/site-packages/starlette/routing.py\", line 756, in __call__\n    await self.middleware_stack(scope, receive, send)\n          │    │                │      │        └ <function wrap_app_handling_exceptions.<locals>.wrapped_app.<locals>.sender at 0x7876a42c5080>\n          │    │                │      └ <function BaseHTTPMiddleware.__call__.<locals>.call_next.<locals>.receive_or_disconnect at 0x7876a42c4ea0>\n          │    │                └ {'type': 'http', 'asgi': {'version': '3.0'}, 'http_version': '1.1', 'method': 'POST', 'headers': [(b'host', b'test'), (b'acce...\n          │    └ <bound method Router.app of <fastapi.routing.APIRouter object at 0x7876bfa3ddf0>>\n          └ <fastapi.routing.APIRouter object at 0x7876bfa3ddf0>\n  File \"/home/surjit/Desktop/et hackathon/v1/Cyber-Fraud-Detection-Service-develop/backend/case/.venv/lib/python3.12/site-packages/starlette/routing.py\", line 776, in app\n    await route.handle(scope, receive, send)\n          │     │      │      │        └ <function wrap_app_handling_exceptions.<locals>.wrapped_app.<locals>.sender at 0x7876a42c5080>\n          │     │      │      └ <function BaseHTTPMiddleware.__call__.<locals>.call_next.<locals>.receive_or_disconnect at 0x7876a42c4ea0>\n          │     │      └ {'type': 'http', 'asgi': {'version': '3.0'}, 'http_version': '1.1', 'method': 'POST', 'headers': [(b'host', b'test'), (b'acce...\n          │     └ <function Route.handle at 0x7876c1543e20>\n          └ APIRoute(path='/api/v1/cases', name='create_case', methods=['POST'])\n  File \"/home/surjit/Desktop/et hackathon/v1/Cyber-Fraud-Detection-Service-develop/backend/case/.venv/lib/python3.12/site-packages/starlette/routing.py\", line 297, in handle\n    await self.app(scope, receive, send)\n          │    │   │      │        └ <function wrap_app_handling_exceptions.<locals>.wrapped_app.<locals>.sender at 0x7876a42c5080>\n          │    │   │      └ <function BaseHTTPMiddleware.__call__.<locals>.call_next.<locals>.receive_or_disconnect at 0x7876a42c4ea0>\n          │    │   └ {'type': 'http', 'asgi': {'version': '3.0'}, 'http_version': '1.1', 'method': 'POST', 'headers': [(b'host', b'test'), (b'acce...\n          │    └ <function request_response.<locals>.app at 0x7876a43fa5c0>\n          └ APIRoute(path='/api/v1/cases', name='create_case', methods=['POST'])\n  File \"/home/surjit/Desktop/et hackathon/v1/Cyber-Fraud-Detection-Service-develop/backend/case/.venv/lib/python3.12/site-packages/starlette/routing.py\", line 77, in app\n    await wrap_app_handling_exceptions(app, request)(scope, receive, send)\n          │                            │    │        │      │        └ <function wrap_app_handling_exceptions.<locals>.wrapped_app.<locals>.sender at 0x7876a42c5080>\n          │                            │    │        │      └ <function BaseHTTPMiddleware.__call__.<locals>.call_next.<locals>.receive_or_disconnect at 0x7876a42c4ea0>\n          │                            │    │        └ {'type': 'http', 'asgi': {'version': '3.0'}, 'http_version': '1.1', 'method': 'POST', 'headers': [(b'host', b'test'), (b'acce...\n          │                            │    └ <starlette.requests.Request object at 0x7876a42bab70>\n          │                            └ <function request_response.<locals>.app.<locals>.app at 0x7876a42c5120>\n          └ <function wrap_app_handling_exceptions at 0x7876c1542a20>\n  File \"/home/surjit/Desktop/et hackathon/v1/Cyber-Fraud-Detection-Service-develop/backend/case/.venv/lib/python3.12/site-packages/starlette/_exception_handler.py\", line 64, in wrapped_app\n    raise exc\n  File \"/home/surjit/Desktop/et hackathon/v1/Cyber-Fraud-Detection-Service-develop/backend/case/.venv/lib/python3.12/site-packages/starlette/_exception_handler.py\", line 53, in wrapped_app\n    await app(scope, receive, sender)\n          │   │      │        └ <function wrap_app_handling_exceptions.<locals>.wrapped_app.<locals>.sender at 0x7876a42c5260>\n          │   │      └ <function BaseHTTPMiddleware.__call__.<locals>.call_next.<locals>.receive_or_disconnect at 0x7876a42c4ea0>\n          │   └ {'type': 'http', 'asgi': {'version': '3.0'}, 'http_version': '1.1', 'method': 'POST', 'headers': [(b'host', b'test'), (b'acce...\n          └ <function request_response.<locals>.app.<locals>.app at 0x7876a42c5120>\n  File \"/home/surjit/Desktop/et hackathon/v1/Cyber-Fraud-Detection-Service-develop/backend/case/.venv/lib/python3.12/site-packages/starlette/routing.py\", line 72, in app\n    response = await func(request)\n                     │    └ <starlette.requests.Request object at 0x7876a42bab70>\n                     └ <function get_request_handler.<locals>.app at 0x7876a43fa160>\n  File \"/home/surjit/Desktop/et hackathon/v1/Cyber-Fraud-Detection-Service-develop/backend/case/.venv/lib/python3.12/site-packages/fastapi/routing.py\", line 269, in app\n    solved_result = await solve_dependencies(\n                          └ <function solve_dependencies at 0x7876c1540860>\n  File \"/home/surjit/Desktop/et hackathon/v1/Cyber-Fraud-Detection-Service-develop/backend/case/.venv/lib/python3.12/site-packages/fastapi/dependencies/utils.py\", line 596, in solve_dependencies\n    solved = await solve_generator(\n                   └ <function solve_generator at 0x7876c15407c0>\n  File \"/home/surjit/Desktop/et hackathon/v1/Cyber-Fraud-Detection-Service-develop/backend/case/.venv/lib/python3.12/site-packages/fastapi/dependencies/utils.py\", line 521, in solve_generator\n    return await stack.enter_async_context(cm)\n                 │     │                   └ <contextlib._AsyncGeneratorContextManager object at 0x7876a42bb710>\n                 │     └ <function AsyncExitStack.enter_async_context at 0x7876c392d1c0>\n                 └ <contextlib.AsyncExitStack object at 0x7876a42bb650>\n  File \"/usr/lib/python3.12/contextlib.py\", line 659, in enter_async_context\n    result = await _enter(cm)\n                   │      └ <contextlib._AsyncGeneratorContextManager object at 0x7876a42bb710>\n                   └ <function _AsyncGeneratorContextManager.__aenter__ at 0x7876c3ab7c40>\n  File \"/usr/lib/python3.12/contextlib.py\", line 210, in __aenter__\n    return await anext(self.gen)\n                       │    └ <async_generator object get_db at 0x7876a42bd4e0>\n                       └ <contextlib._AsyncGeneratorContextManager object at 0x7876a42bb710>\n\n  File \"/home/surjit/Desktop/et hackathon/v1/Cyber-Fraud-Detection-Service-develop/backend/case/db.py\", line 37, in get_db\n    session_factory = request.app.state.db_session_factory\n                      │       └ <property object at 0x7876c18b5b20>\n                      └ <starlette.requests.Request object at 0x7876a42bab70>\n\n  File \"/home/surjit/Desktop/et hackathon/v1/Cyber-Fraud-Detection-Service-develop/backend/case/.venv/lib/python3.12/site-packages/starlette/datastructures.py\", line 702, in __getattr__\n    raise AttributeError(message.format(self.__class__.__name__, key))\n                         │       │      │    │         │         └ 'db_session_factory'\n                         │       │      │    │         └ <member '__name__' of 'getset_descriptor' objects>\n                         │       │      │    └ <attribute '__class__' of 'object' objects>\n                         │       │      └ <starlette.datastructures.State object at 0x7876bfa3ddc0>\n                         │       └ <method 'format' of 'str' objects>\n                         └ \"'{}' object has no attribute '{}'\"\n\nAttributeError: 'State' object has no attribute 'db_session_factory'\n", "record": {"elapsed": {"repr": "0:00:00.524777", "seconds": 0.524777}, "exception": {"type": "AttributeError", "value": "'State' object has no attribute 'db_session_factory'", "traceback": true}, "extra": {"service": "case-service", "trace_id": "—"}, "file": {"name": "main.py", "path": "/home/surjit/Desktop/et hackathon/v1/Cyber-Fraud-Detection-Service-develop/backend/case/main.py"}, "function": "global_exception_handler", "level": {"icon": "❌", "name": "ERROR", "no": 40}, "line": 149, "message": "Unhandled exception: 'State' object has no attribute 'db_session_factory'", "module": "main", "name": "main", "process": {"id": 29622, "name": "MainProcess"}, "thread": {"id": 132451494887552, "name": "MainThread"}, "time": {"repr": "2026-07-14 00:01:27.450008+05:30", "timestamp": 1783967487.450008}}}
=============================== warnings summary ===============================
<frozen importlib._bootstrap>:488
  <frozen importlib._bootstrap>:488: DeprecationWarning: Type google._upb._message.MessageMapContainer uses PyType_Spec with a metaclass that has custom tp_new. This is deprecated and will no longer be allowed in Python 3.14.

<frozen importlib._bootstrap>:488
  <frozen importlib._bootstrap>:488: DeprecationWarning: Type google._upb._message.ScalarMapContainer uses PyType_Spec with a metaclass that has custom tp_new. This is deprecated and will no longer be allowed in Python 3.14.

.venv/lib/python3.12/site-packages/opentelemetry/instrumentation/dependencies.py:4
  /home/surjit/Desktop/et hackathon/v1/Cyber-Fraud-Detection-Service-develop/backend/case/.venv/lib/python3.12/site-packages/opentelemetry/instrumentation/dependencies.py:4: DeprecationWarning: pkg_resources is deprecated as an API. See https://setuptools.pypa.io/en/latest/pkg_resources.html
    from pkg_resources import (

-- Docs: https://docs.pytest.org/en/stable/how-to/capture-warnings.html
=========================== short test summary info ============================
FAILED tests/test_case_endpoints.py::TestCreateCase::test_create_case_invalid_complaint_type
================= 1 failed, 4 deselected, 3 warnings in 0.32s ==================
